DMS-North-2960S-1#show int gig 1/0/1
GigabitEthernet1/0/1 is up, line protocol is up (connected) 
  Hardware is Gigabit Ethernet, address is a0cf.5b7e.fd01 (bia a0cf.5b7e.fd01)
  Description: **Access Points**
  MTU 1500 bytes, BW 1000000 Kbit, DLY 10 usec, 
     reliability 255/255, txload 1/255, rxload 1/255
  Encapsulation ARPA, loopback not set
  Keepalive set (10 sec)
  Full-duplex, 1000Mb/s, media type is 10/100/1000BaseTX
  input flow-control is off, output flow-control is unsupported 
  ARP type: ARPA, ARP Timeout 04:00:00
  Last input 00:00:01, output 00:00:01, output hang never
  Last clearing of "show interface" counters never
  Input queue: 0/75/0/0 (size/max/drops/flushes); Total output drops: 1
  Queueing strategy: fifo
  Output queue: 0/40 (size/max)
  5 minute input rate 3000 bits/sec, 1 packets/sec
  5 minute output rate 11000 bits/sec, 10 packets/sec
     6293770 packets input, 1630446445 bytes, 0 no buffer
     Received 477254 broadcasts (367078 multicasts)
     0 runts, 0 giants, 0 throttles
     0 input errors, 0 CRC, 0 frame, 0 overrun, 0 ignored
     0 watchdog, 367078 multicast, 0 pause input
     0 input packets with dribble condition detected
     93871182 packets output, 14406241253 bytes, 0 underruns
     0 output errors, 0 collisions, 1 interface resets
     0 babbles, 0 late collision, 0 deferred
     0 lost carrier, 0 no carrier, 0 PAUSE output
     0 output buffer failures, 0 output buffers swapped out
DMS-North-2960S-1#  