DHS-MDF-4500-X_VSS#show int te1/1/3
TenGigabitEthernet1/1/3 is up, line protocol is up (connected) 
  Hardware is Ten Gigabit Ethernet Port, address is 00a6.caeb.6342 (bia 00a6.caeb.6342)
  MTU 1500 bytes, BW 1000000 Kbit/sec, DLY 10 usec, 
     reliability 255/255, txload 1/255, rxload 1/255
  Encapsulation ARPA, loopback not set
  Keepalive set (10 sec)
  Full-duplex, 1000Mb/s, link type is auto, media type is 1000BaseSX
  input flow-control is off, output flow-control is off
  ARP type: ARPA, ARP Timeout 04:00:00
  Last input 00:00:30, output never, output hang never
  Last clearing of "show interface" counters never
  Input queue: 0/2000/0/0 (size/max/drops/flushes); Total output drops: 319
  Queueing strategy: Class-based queueing
  Output queue: 0/40 (size/max)
  5 minute input rate 856000 bits/sec, 216 packets/sec
  5 minute output rate 3395000 bits/sec, 478 packets/sec
     1648745538 packets input, 429353404360 bytes, 0 no buffer
     Received 20603160 broadcasts (8925269 multicasts)
     0 runts, 0 giants, 0 throttles 
     0 input errors, 0 CRC, 0 frame, 0 overrun, 0 ignored
     0 input packets with dribble condition detected
     3584976927 packets output, 2412071955459 bytes, 0 underruns
     0 output errors, 0 collisions, 3 interface resets
     0 unknown protocol drops
     0 babbles, 0 late collision, 0 deferred
     0 lost carrier, 0 no carrier
     0 output buffer failures, 0 output buffers swapped out
DHS-MDF-4500-X_VSS#